<?xml version="1.0" encoding="UTF-8"?>
<!-- Generated by org.testng.reporters.JUnitReportReporter -->
<testsuite hostname="DESKTOP-KGIC7LN" failures="0" tests="2" name="tests.Test01" time="16.365" errors="0" timestamp="2021-06-16T16:20:57 IST" skipped="0">
  <testcase classname="tests.Test01" name="verifyMyLeaveInvalid" time="10.690"/>
  <system-out/>
  <testcase classname="tests.Test01" name="verifyMyLeave" time="5.675"/>
  <system-out/>
</testsuite> <!-- tests.Test01 -->
