<?xml version="1.0" encoding="UTF-8"?>
<!-- Generated by org.testng.reporters.JUnitReportReporter -->
<testsuite hostname="DESKTOP-KGIC7LN" failures="0" tests="2" name="tests.Test02" time="11.397" errors="0" timestamp="2021-06-16T16:20:57 IST" skipped="0">
  <testcase classname="tests.Test02" name="verifyMyLeave01" time="5.702"/>
  <system-out/>
  <testcase classname="tests.Test02" name="verifyMyLeaveInvalid01" time="5.695"/>
  <system-out/>
</testsuite> <!-- tests.Test02 -->
